<?xml version="1.0" encoding="UTF-8"?>
<testng-results ignored="0" total="3" passed="3" failed="0" skipped="0">
  <reporter-output>
    <line>
      <![CDATA[Facebook – log in or sign up]]>
    </line>
    <line>
      <![CDATA[https://www.facebook.com/login/?privacy_mutation_token=eyJ0eXBlIjowLCJjcmVhdGlvbl90aW1lIjoxNjUxNjcyNTU2LCJjYWxsc2l0ZV9pZCI6MzgxMjI5MDc5NTc1OTQ2fQ%3D%3D]]>
    </line>
    <line>
      <![CDATA[Facebook – log in or sign up]]>
    </line>
    <line>
      <![CDATA[https://www.facebook.com/login/?privacy_mutation_token=eyJ0eXBlIjowLCJjcmVhdGlvbl90aW1lIjoxNjUxNjcyNTU2LCJjYWxsc2l0ZV9pZCI6MzgxMjI5MDc5NTc1OTQ2fQ%3D%3D]]>
    </line>
    <line>
      <![CDATA[Facebook – log in or sign up]]>
    </line>
    <line>
      <![CDATA[https://www.facebook.com/login/?privacy_mutation_token=eyJ0eXBlIjowLCJjcmVhdGlvbl90aW1lIjoxNjUxNjcyNTU2LCJjYWxsc2l0ZV9pZCI6MzgxMjI5MDc5NTc1OTQ2fQ%3D%3D]]>
    </line>
  </reporter-output>
  <suite started-at="2022-05-04T19:25:51 IST" name="Suite" finished-at="2022-05-04T19:26:15 IST" duration-ms="23853">
    <groups>
    </groups>
    <test started-at="2022-05-04T19:25:51 IST" name="Test2" finished-at="2022-05-04T19:26:15 IST" duration-ms="23448">
      <class name="TestNG.Parallel">
        <test-method signature="tc1(java.lang.String)[pri:0, instance:TestNG.Parallel@1b1426f4]" started-at="2022-05-04T19:25:51 IST" name="tc1" finished-at="2022-05-04T19:26:15 IST" duration-ms="23417" status="PASS">
          <params>
            <param index="0">
              <value>
                <![CDATA[chrome]]>
              </value>
            </param>
          </params>
          <reporter-output>
            <line>
              <![CDATA[Facebook – log in or sign up]]>
            </line>
            <line>
              <![CDATA[https://www.facebook.com/login/?privacy_mutation_token=eyJ0eXBlIjowLCJjcmVhdGlvbl90aW1lIjoxNjUxNjcyNTU2LCJjYWxsc2l0ZV9pZCI6MzgxMjI5MDc5NTc1OTQ2fQ%3D%3D]]>
            </line>
          </reporter-output>
        </test-method> <!-- tc1 -->
      </class> <!-- TestNG.Parallel -->
    </test> <!-- Test2 -->
    <test started-at="2022-05-04T19:25:51 IST" name="Test1" finished-at="2022-05-04T19:26:15 IST" duration-ms="23376">
      <class name="TestNG.Parallel">
        <test-method signature="tc1(java.lang.String)[pri:0, instance:TestNG.Parallel@3a6bb9bf]" started-at="2022-05-04T19:25:51 IST" name="tc1" finished-at="2022-05-04T19:26:15 IST" duration-ms="23341" status="PASS">
          <params>
            <param index="0">
              <value>
                <![CDATA[chrome]]>
              </value>
            </param>
          </params>
          <reporter-output>
            <line>
              <![CDATA[Facebook – log in or sign up]]>
            </line>
            <line>
              <![CDATA[https://www.facebook.com/login/?privacy_mutation_token=eyJ0eXBlIjowLCJjcmVhdGlvbl90aW1lIjoxNjUxNjcyNTU2LCJjYWxsc2l0ZV9pZCI6MzgxMjI5MDc5NTc1OTQ2fQ%3D%3D]]>
            </line>
          </reporter-output>
        </test-method> <!-- tc1 -->
      </class> <!-- TestNG.Parallel -->
    </test> <!-- Test1 -->
    <test started-at="2022-05-04T19:25:51 IST" name="Test3" finished-at="2022-05-04T19:26:15 IST" duration-ms="23853">
      <class name="TestNG.Parallel">
        <test-method signature="tc1(java.lang.String)[pri:0, instance:TestNG.Parallel@76c3e77a]" started-at="2022-05-04T19:25:51 IST" name="tc1" finished-at="2022-05-04T19:26:15 IST" duration-ms="23821" status="PASS">
          <params>
            <param index="0">
              <value>
                <![CDATA[chrome]]>
              </value>
            </param>
          </params>
          <reporter-output>
            <line>
              <![CDATA[Facebook – log in or sign up]]>
            </line>
            <line>
              <![CDATA[https://www.facebook.com/login/?privacy_mutation_token=eyJ0eXBlIjowLCJjcmVhdGlvbl90aW1lIjoxNjUxNjcyNTU2LCJjYWxsc2l0ZV9pZCI6MzgxMjI5MDc5NTc1OTQ2fQ%3D%3D]]>
            </line>
          </reporter-output>
        </test-method> <!-- tc1 -->
      </class> <!-- TestNG.Parallel -->
    </test> <!-- Test3 -->
  </suite> <!-- Suite -->
</testng-results>
